0 info it worked if it ends with ok
1 verbose cli [ '/usr/local/bin/node', '/usr/local/bin/npm', 'install' ]
2 info using npm@2.14.4
3 info using node@v4.1.2
4 verbose readDependencies loading dependencies from /Users/nattapon/Documents/chitchat-ios/ChitChat_cordova/package.json
5 warn package.json chitchat_cordova@1.0.0 No description
6 warn package.json chitchat_cordova@1.0.0 No repository field.
7 warn package.json chitchat_cordova@1.0.0 No README data
8 warn package.json chitchat_cordova@1.0.0 No license field.
9 verbose install where, deps [ '/Users/nattapon/Documents/chitchat-ios/ChitChat_cordova',
9 verbose install   [ 'async',
9 verbose install     'fbjs',
9 verbose install     'material-ui',
9 verbose install     'promise',
9 verbose install     'react',
9 verbose install     'react-dom',
9 verbose install     'react-tap-event-plugin' ] ]
10 verbose install where, peers [ '/Users/nattapon/Documents/chitchat-ios/ChitChat_cordova',
10 verbose install   [] ]
11 verbose installManyTop reading for lifecycle /Users/nattapon/Documents/chitchat-ios/ChitChat_cordova/package.json
12 info preinstall chitchat_cordova@1.0.0
13 verbose installManyTop reading scoped package data from /Users/nattapon/Documents/chitchat-ios/ChitChat_cordova/node_modules/async/package.json
14 verbose installManyTop reading scoped package data from /Users/nattapon/Documents/chitchat-ios/ChitChat_cordova/node_modules/fbjs/package.json
15 verbose installManyTop reading scoped package data from /Users/nattapon/Documents/chitchat-ios/ChitChat_cordova/node_modules/material-ui/package.json
16 verbose installManyTop reading scoped package data from /Users/nattapon/Documents/chitchat-ios/ChitChat_cordova/node_modules/promise/package.json
17 verbose installManyTop reading scoped package data from /Users/nattapon/Documents/chitchat-ios/ChitChat_cordova/node_modules/react/package.json
18 verbose installManyTop reading scoped package data from /Users/nattapon/Documents/chitchat-ios/ChitChat_cordova/node_modules/react-dom/package.json
19 verbose installManyTop reading scoped package data from /Users/nattapon/Documents/chitchat-ios/ChitChat_cordova/node_modules/react-tap-event-plugin/package.json
20 info package.json react-tap-event-plugin@0.1.8 No license field.
21 verbose readDependencies loading dependencies from /Users/nattapon/Documents/chitchat-ios/ChitChat_cordova/package.json
22 verbose targetResolver reading package data from /Users/nattapon/Documents/chitchat-ios/ChitChat_cordova/node_modules/async/package.json
23 verbose targetResolver reading package data from /Users/nattapon/Documents/chitchat-ios/ChitChat_cordova/node_modules/fbjs/package.json
24 verbose targetResolver reading package data from /Users/nattapon/Documents/chitchat-ios/ChitChat_cordova/node_modules/material-ui/package.json
25 verbose targetResolver reading package data from /Users/nattapon/Documents/chitchat-ios/ChitChat_cordova/node_modules/promise/package.json
26 verbose targetResolver reading package data from /Users/nattapon/Documents/chitchat-ios/ChitChat_cordova/node_modules/react/package.json
27 verbose targetResolver reading package data from /Users/nattapon/Documents/chitchat-ios/ChitChat_cordova/node_modules/react-dom/package.json
28 verbose targetResolver reading package data from /Users/nattapon/Documents/chitchat-ios/ChitChat_cordova/node_modules/react-tap-event-plugin/package.json
29 verbose already installed skipping promise@7.0.4 /Users/nattapon/Documents/chitchat-ios/ChitChat_cordova
30 verbose already installed skipping react@0.14.0 /Users/nattapon/Documents/chitchat-ios/ChitChat_cordova
31 verbose already installed skipping react-dom@0.14.0 /Users/nattapon/Documents/chitchat-ios/ChitChat_cordova
32 verbose already installed skipping react-tap-event-plugin@^0.1.8 /Users/nattapon/Documents/chitchat-ios/ChitChat_cordova
33 verbose already installed skipping async@1.4.2 /Users/nattapon/Documents/chitchat-ios/ChitChat_cordova
34 verbose already installed skipping fbjs@^0.2.1 /Users/nattapon/Documents/chitchat-ios/ChitChat_cordova
35 verbose already installed skipping material-ui@^0.12.3 /Users/nattapon/Documents/chitchat-ios/ChitChat_cordova
36 silly install resolved []
37 info build /Users/nattapon/Documents/chitchat-ios/ChitChat_cordova
38 info linkStuff chitchat_cordova@1.0.0
39 silly linkStuff chitchat_cordova@1.0.0 has /Users/nattapon/Documents/chitchat-ios as its parent node_modules
40 verbose linkBins chitchat_cordova@1.0.0
41 verbose linkMans chitchat_cordova@1.0.0
42 verbose rebuildBundles chitchat_cordova@1.0.0
43 verbose rebuildBundles [ 'async',
43 verbose rebuildBundles   'fbjs',
43 verbose rebuildBundles   'material-ui',
43 verbose rebuildBundles   'promise',
43 verbose rebuildBundles   'react',
43 verbose rebuildBundles   'react-dom',
43 verbose rebuildBundles   'react-tap-event-plugin' ]
44 info install chitchat_cordova@1.0.0
45 info postinstall chitchat_cordova@1.0.0
46 info prepublish chitchat_cordova@1.0.0
47 verbose validateInstall loading /Users/nattapon/Documents/chitchat-ios/ChitChat_cordova/package.json for validation
48 verbose stack Error: The package react@0.14.0 does not satisfy its siblings' peerDependencies requirements!
48 verbose stack     at /usr/local/lib/node_modules/npm/lib/install.js:125:32
48 verbose stack     at /usr/local/lib/node_modules/npm/lib/install.js:268:7
48 verbose stack     at /usr/local/lib/node_modules/npm/node_modules/read-installed/read-installed.js:142:5
48 verbose stack     at /usr/local/lib/node_modules/npm/node_modules/read-installed/read-installed.js:263:14
48 verbose stack     at cb (/usr/local/lib/node_modules/npm/node_modules/slide/lib/async-map.js:47:24)
48 verbose stack     at /usr/local/lib/node_modules/npm/node_modules/read-installed/read-installed.js:263:14
48 verbose stack     at cb (/usr/local/lib/node_modules/npm/node_modules/slide/lib/async-map.js:47:24)
48 verbose stack     at /usr/local/lib/node_modules/npm/node_modules/read-installed/read-installed.js:263:14
48 verbose stack     at cb (/usr/local/lib/node_modules/npm/node_modules/slide/lib/async-map.js:47:24)
48 verbose stack     at /usr/local/lib/node_modules/npm/node_modules/read-installed/read-installed.js:263:14
49 verbose cwd /Users/nattapon/Documents/chitchat-ios/ChitChat_cordova
50 error Darwin 15.0.0
51 error argv "/usr/local/bin/node" "/usr/local/bin/npm" "install"
52 error node v4.1.2
53 error npm  v2.14.4
54 error code EPEERINVALID
55 error peerinvalid The package react@0.14.0 does not satisfy its siblings' peerDependencies requirements!
55 error peerinvalid Peer material-ui@0.12.3 wants react@~0.13
55 error peerinvalid Peer react-tap-event-plugin@0.1.8 wants react@^0.14.0-0 || ~0.13.x || ~0.12.x
56 verbose exit [ 1, true ]
